{"D:\\Panda Study\\MCIT Upenn\\Fall\\CIS550\\Week3\\HW2\\HW2 MS1 Student\\HW2 MS1 Tutu\\server\\routes.js": {"path":"D:\\Panda Study\\MCIT Upenn\\Fall\\CIS550\\Week3\\HW2\\HW2 MS1 Student\\HW2 MS1 Tutu\\server\\routes.js","statementMap":{"0":{"start":{"line":1,"column":15},"end":{"line":1,"column":39}},"1":{"start":{"line":2,"column":14},"end":{"line":2,"column":30}},"2":{"start":{"line":3,"column":10},"end":{"line":3,"column":28}},"3":{"start":{"line":6,"column":19},"end":{"line":12,"column":2}},"4":{"start":{"line":13,"column":0},"end":{"line":13,"column":21}},"5":{"start":{"line":23,"column":4},"end":{"line":27,"column":5}},"6":{"start":{"line":24,"column":8},"end":{"line":24,"column":73}},"7":{"start":{"line":26,"column":8},"end":{"line":26,"column":54}},"8":{"start":{"line":37,"column":19},"end":{"line":37,"column":34}},"9":{"start":{"line":38,"column":26},"end":{"line":38,"column":60}},"10":{"start":{"line":39,"column":17},"end":{"line":39,"column":59}},"11":{"start":{"line":41,"column":4},"end":{"line":51,"column":5}},"12":{"start":{"line":43,"column":8},"end":{"line":43,"column":78}},"13":{"start":{"line":44,"column":11},"end":{"line":51,"column":5}},"14":{"start":{"line":45,"column":32},"end":{"line":45,"column":61}},"15":{"start":{"line":47,"column":8},"end":{"line":47,"column":89}},"16":{"start":{"line":50,"column":8},"end":{"line":50,"column":69}},"17":{"start":{"line":65,"column":19},"end":{"line":65,"column":63}},"18":{"start":{"line":68,"column":4},"end":{"line":72,"column":40}},"19":{"start":{"line":75,"column":4},"end":{"line":79,"column":5}},"20":{"start":{"line":76,"column":16},"end":{"line":76,"column":60}},"21":{"start":{"line":77,"column":19},"end":{"line":77,"column":43}},"22":{"start":{"line":78,"column":8},"end":{"line":78,"column":43}},"23":{"start":{"line":83,"column":4},"end":{"line":90,"column":7}},"24":{"start":{"line":84,"column":12},"end":{"line":89,"column":13}},"25":{"start":{"line":85,"column":16},"end":{"line":85,"column":34}},"26":{"start":{"line":86,"column":16},"end":{"line":86,"column":42}},"27":{"start":{"line":87,"column":19},"end":{"line":89,"column":13}},"28":{"start":{"line":88,"column":16},"end":{"line":88,"column":46}},"29":{"start":{"line":97,"column":4},"end":{"line":97,"column":123}},"30":{"start":{"line":100,"column":4},"end":{"line":104,"column":5}},"31":{"start":{"line":101,"column":16},"end":{"line":101,"column":60}},"32":{"start":{"line":102,"column":19},"end":{"line":102,"column":43}},"33":{"start":{"line":103,"column":8},"end":{"line":103,"column":43}},"34":{"start":{"line":106,"column":4},"end":{"line":113,"column":7}},"35":{"start":{"line":107,"column":28},"end":{"line":112,"column":29}},"36":{"start":{"line":108,"column":32},"end":{"line":108,"column":50}},"37":{"start":{"line":109,"column":32},"end":{"line":109,"column":58}},"38":{"start":{"line":110,"column":35},"end":{"line":112,"column":29}},"39":{"start":{"line":111,"column":32},"end":{"line":111,"column":62}},"40":{"start":{"line":125,"column":4},"end":{"line":132,"column":45}},"41":{"start":{"line":134,"column":4},"end":{"line":153,"column":5}},"42":{"start":{"line":135,"column":8},"end":{"line":142,"column":29}},"43":{"start":{"line":136,"column":28},"end":{"line":141,"column":29}},"44":{"start":{"line":137,"column":32},"end":{"line":137,"column":50}},"45":{"start":{"line":138,"column":32},"end":{"line":138,"column":58}},"46":{"start":{"line":139,"column":35},"end":{"line":141,"column":29}},"47":{"start":{"line":140,"column":32},"end":{"line":140,"column":62}},"48":{"start":{"line":145,"column":8},"end":{"line":152,"column":29}},"49":{"start":{"line":146,"column":28},"end":{"line":151,"column":29}},"50":{"start":{"line":147,"column":32},"end":{"line":147,"column":50}},"51":{"start":{"line":148,"column":32},"end":{"line":148,"column":58}},"52":{"start":{"line":149,"column":35},"end":{"line":151,"column":29}},"53":{"start":{"line":150,"column":32},"end":{"line":150,"column":62}},"54":{"start":{"line":163,"column":4},"end":{"line":202,"column":5}},"55":{"start":{"line":165,"column":8},"end":{"line":165,"column":110}},"56":{"start":{"line":166,"column":8},"end":{"line":168,"column":91}},"57":{"start":{"line":169,"column":8},"end":{"line":169,"column":147}},"58":{"start":{"line":170,"column":8},"end":{"line":170,"column":152}},"59":{"start":{"line":172,"column":8},"end":{"line":191,"column":11}},"60":{"start":{"line":173,"column":12},"end":{"line":190,"column":13}},"61":{"start":{"line":174,"column":16},"end":{"line":174,"column":34}},"62":{"start":{"line":175,"column":16},"end":{"line":175,"column":42}},"63":{"start":{"line":176,"column":19},"end":{"line":190,"column":13}},"64":{"start":{"line":177,"column":16},"end":{"line":181,"column":17}},"65":{"start":{"line":178,"column":20},"end":{"line":178,"column":36}},"66":{"start":{"line":180,"column":20},"end":{"line":180,"column":37}},"67":{"start":{"line":182,"column":16},"end":{"line":189,"column":19}},"68":{"start":{"line":183,"column":24},"end":{"line":188,"column":25}},"69":{"start":{"line":184,"column":28},"end":{"line":184,"column":46}},"70":{"start":{"line":185,"column":28},"end":{"line":185,"column":54}},"71":{"start":{"line":186,"column":31},"end":{"line":188,"column":25}},"72":{"start":{"line":187,"column":28},"end":{"line":187,"column":58}},"73":{"start":{"line":194,"column":8},"end":{"line":201,"column":11}},"74":{"start":{"line":195,"column":12},"end":{"line":200,"column":13}},"75":{"start":{"line":196,"column":16},"end":{"line":196,"column":34}},"76":{"start":{"line":197,"column":16},"end":{"line":197,"column":42}},"77":{"start":{"line":198,"column":19},"end":{"line":200,"column":13}},"78":{"start":{"line":199,"column":16},"end":{"line":199,"column":46}},"79":{"start":{"line":215,"column":4},"end":{"line":218,"column":21}},"80":{"start":{"line":220,"column":4},"end":{"line":220,"column":71}},"81":{"start":{"line":220,"column":25},"end":{"line":220,"column":70}},"82":{"start":{"line":221,"column":4},"end":{"line":221,"column":71}},"83":{"start":{"line":221,"column":25},"end":{"line":221,"column":70}},"84":{"start":{"line":222,"column":4},"end":{"line":222,"column":33}},"85":{"start":{"line":225,"column":4},"end":{"line":229,"column":5}},"86":{"start":{"line":226,"column":16},"end":{"line":226,"column":60}},"87":{"start":{"line":227,"column":19},"end":{"line":227,"column":43}},"88":{"start":{"line":228,"column":8},"end":{"line":228,"column":43}},"89":{"start":{"line":231,"column":3},"end":{"line":238,"column":7}},"90":{"start":{"line":232,"column":7},"end":{"line":237,"column":9}},"91":{"start":{"line":233,"column":11},"end":{"line":233,"column":29}},"92":{"start":{"line":234,"column":11},"end":{"line":234,"column":37}},"93":{"start":{"line":235,"column":15},"end":{"line":237,"column":9}},"94":{"start":{"line":236,"column":12},"end":{"line":236,"column":42}},"95":{"start":{"line":247,"column":4},"end":{"line":247,"column":120}},"96":{"start":{"line":249,"column":4},"end":{"line":249,"column":70}},"97":{"start":{"line":249,"column":24},"end":{"line":249,"column":69}},"98":{"start":{"line":250,"column":4},"end":{"line":250,"column":91}},"99":{"start":{"line":250,"column":31},"end":{"line":250,"column":90}},"100":{"start":{"line":251,"column":4},"end":{"line":251,"column":70}},"101":{"start":{"line":251,"column":24},"end":{"line":251,"column":69}},"102":{"start":{"line":252,"column":4},"end":{"line":252,"column":123}},"103":{"start":{"line":252,"column":29},"end":{"line":252,"column":82}},"104":{"start":{"line":252,"column":90},"end":{"line":252,"column":122}},"105":{"start":{"line":253,"column":4},"end":{"line":253,"column":127}},"106":{"start":{"line":253,"column":30},"end":{"line":253,"column":84}},"107":{"start":{"line":253,"column":92},"end":{"line":253,"column":126}},"108":{"start":{"line":254,"column":4},"end":{"line":254,"column":121}},"109":{"start":{"line":254,"column":32},"end":{"line":254,"column":84}},"110":{"start":{"line":254,"column":92},"end":{"line":254,"column":120}},"111":{"start":{"line":255,"column":4},"end":{"line":255,"column":125}},"112":{"start":{"line":255,"column":33},"end":{"line":255,"column":86}},"113":{"start":{"line":255,"column":94},"end":{"line":255,"column":124}},"114":{"start":{"line":257,"column":4},"end":{"line":257,"column":28}},"115":{"start":{"line":260,"column":4},"end":{"line":264,"column":5}},"116":{"start":{"line":261,"column":16},"end":{"line":261,"column":60}},"117":{"start":{"line":262,"column":19},"end":{"line":262,"column":43}},"118":{"start":{"line":263,"column":8},"end":{"line":263,"column":43}},"119":{"start":{"line":266,"column":4},"end":{"line":273,"column":7}},"120":{"start":{"line":267,"column":8},"end":{"line":272,"column":9}},"121":{"start":{"line":268,"column":12},"end":{"line":268,"column":30}},"122":{"start":{"line":269,"column":12},"end":{"line":269,"column":38}},"123":{"start":{"line":270,"column":15},"end":{"line":272,"column":9}},"124":{"start":{"line":271,"column":12},"end":{"line":271,"column":42}},"125":{"start":{"line":277,"column":0},"end":{"line":286,"column":1}}},"fnMap":{"0":{"name":"hello","decl":{"start":{"line":21,"column":15},"end":{"line":21,"column":20}},"loc":{"start":{"line":21,"column":31},"end":{"line":28,"column":1}},"line":21},"1":{"name":"jersey","decl":{"start":{"line":36,"column":15},"end":{"line":36,"column":21}},"loc":{"start":{"line":36,"column":32},"end":{"line":52,"column":1}},"line":36},"2":{"name":"all_matches","decl":{"start":{"line":60,"column":15},"end":{"line":60,"column":26}},"loc":{"start":{"line":60,"column":37},"end":{"line":92,"column":1}},"line":60},"3":{"name":"(anonymous_3)","decl":{"start":{"line":83,"column":26},"end":{"line":83,"column":27}},"loc":{"start":{"line":83,"column":60},"end":{"line":90,"column":5}},"line":83},"4":{"name":"all_players","decl":{"start":{"line":95,"column":15},"end":{"line":95,"column":26}},"loc":{"start":{"line":95,"column":37},"end":{"line":115,"column":1}},"line":95},"5":{"name":"(anonymous_5)","decl":{"start":{"line":106,"column":26},"end":{"line":106,"column":27}},"loc":{"start":{"line":106,"column":59},"end":{"line":113,"column":5}},"line":106},"6":{"name":"match","decl":{"start":{"line":123,"column":15},"end":{"line":123,"column":20}},"loc":{"start":{"line":123,"column":31},"end":{"line":154,"column":1}},"line":123},"7":{"name":"(anonymous_7)","decl":{"start":{"line":135,"column":30},"end":{"line":135,"column":31}},"loc":{"start":{"line":135,"column":63},"end":{"line":142,"column":27}},"line":135},"8":{"name":"(anonymous_8)","decl":{"start":{"line":145,"column":68},"end":{"line":145,"column":69}},"loc":{"start":{"line":145,"column":101},"end":{"line":152,"column":27}},"line":145},"9":{"name":"player","decl":{"start":{"line":161,"column":15},"end":{"line":161,"column":21}},"loc":{"start":{"line":161,"column":32},"end":{"line":203,"column":1}},"line":161},"10":{"name":"(anonymous_10)","decl":{"start":{"line":172,"column":37},"end":{"line":172,"column":38}},"loc":{"start":{"line":172,"column":67},"end":{"line":191,"column":9}},"line":172},"11":{"name":"(anonymous_11)","decl":{"start":{"line":182,"column":43},"end":{"line":182,"column":44}},"loc":{"start":{"line":182,"column":77},"end":{"line":189,"column":17}},"line":182},"12":{"name":"(anonymous_12)","decl":{"start":{"line":194,"column":68},"end":{"line":194,"column":69}},"loc":{"start":{"line":194,"column":102},"end":{"line":201,"column":9}},"line":194},"13":{"name":"search_matches","decl":{"start":{"line":211,"column":15},"end":{"line":211,"column":29}},"loc":{"start":{"line":211,"column":40},"end":{"line":241,"column":1}},"line":211},"14":{"name":"(anonymous_14)","decl":{"start":{"line":231,"column":25},"end":{"line":231,"column":26}},"loc":{"start":{"line":231,"column":59},"end":{"line":238,"column":5}},"line":231},"15":{"name":"search_players","decl":{"start":{"line":244,"column":15},"end":{"line":244,"column":29}},"loc":{"start":{"line":244,"column":40},"end":{"line":274,"column":1}},"line":244},"16":{"name":"(anonymous_16)","decl":{"start":{"line":266,"column":26},"end":{"line":266,"column":27}},"loc":{"start":{"line":266,"column":60},"end":{"line":273,"column":5}},"line":266}},"branchMap":{"0":{"loc":{"start":{"line":23,"column":4},"end":{"line":27,"column":5}},"type":"if","locations":[{"start":{"line":23,"column":4},"end":{"line":27,"column":5}},{"start":{"line":23,"column":4},"end":{"line":27,"column":5}}],"line":23},"1":{"loc":{"start":{"line":39,"column":17},"end":{"line":39,"column":59}},"type":"cond-expr","locations":[{"start":{"line":39,"column":34},"end":{"line":39,"column":48}},{"start":{"line":39,"column":51},"end":{"line":39,"column":59}}],"line":39},"2":{"loc":{"start":{"line":41,"column":4},"end":{"line":51,"column":5}},"type":"if","locations":[{"start":{"line":41,"column":4},"end":{"line":51,"column":5}},{"start":{"line":41,"column":4},"end":{"line":51,"column":5}}],"line":41},"3":{"loc":{"start":{"line":44,"column":11},"end":{"line":51,"column":5}},"type":"if","locations":[{"start":{"line":44,"column":11},"end":{"line":51,"column":5}},{"start":{"line":44,"column":11},"end":{"line":51,"column":5}}],"line":44},"4":{"loc":{"start":{"line":65,"column":19},"end":{"line":65,"column":63}},"type":"cond-expr","locations":[{"start":{"line":65,"column":39},"end":{"line":65,"column":56}},{"start":{"line":65,"column":59},"end":{"line":65,"column":63}}],"line":65},"5":{"loc":{"start":{"line":75,"column":4},"end":{"line":79,"column":5}},"type":"if","locations":[{"start":{"line":75,"column":4},"end":{"line":79,"column":5}},{"start":{"line":75,"column":4},"end":{"line":79,"column":5}}],"line":75},"6":{"loc":{"start":{"line":75,"column":8},"end":{"line":75,"column":48}},"type":"binary-expr","locations":[{"start":{"line":75,"column":8},"end":{"line":75,"column":22}},{"start":{"line":75,"column":26},"end":{"line":75,"column":48}}],"line":75},"7":{"loc":{"start":{"line":76,"column":16},"end":{"line":76,"column":60}},"type":"cond-expr","locations":[{"start":{"line":76,"column":37},"end":{"line":76,"column":55}},{"start":{"line":76,"column":58},"end":{"line":76,"column":60}}],"line":76},"8":{"loc":{"start":{"line":84,"column":12},"end":{"line":89,"column":13}},"type":"if","locations":[{"start":{"line":84,"column":12},"end":{"line":89,"column":13}},{"start":{"line":84,"column":12},"end":{"line":89,"column":13}}],"line":84},"9":{"loc":{"start":{"line":87,"column":19},"end":{"line":89,"column":13}},"type":"if","locations":[{"start":{"line":87,"column":19},"end":{"line":89,"column":13}},{"start":{"line":87,"column":19},"end":{"line":89,"column":13}}],"line":87},"10":{"loc":{"start":{"line":100,"column":4},"end":{"line":104,"column":5}},"type":"if","locations":[{"start":{"line":100,"column":4},"end":{"line":104,"column":5}},{"start":{"line":100,"column":4},"end":{"line":104,"column":5}}],"line":100},"11":{"loc":{"start":{"line":100,"column":8},"end":{"line":100,"column":48}},"type":"binary-expr","locations":[{"start":{"line":100,"column":8},"end":{"line":100,"column":22}},{"start":{"line":100,"column":26},"end":{"line":100,"column":48}}],"line":100},"12":{"loc":{"start":{"line":101,"column":16},"end":{"line":101,"column":60}},"type":"cond-expr","locations":[{"start":{"line":101,"column":37},"end":{"line":101,"column":55}},{"start":{"line":101,"column":58},"end":{"line":101,"column":60}}],"line":101},"13":{"loc":{"start":{"line":107,"column":28},"end":{"line":112,"column":29}},"type":"if","locations":[{"start":{"line":107,"column":28},"end":{"line":112,"column":29}},{"start":{"line":107,"column":28},"end":{"line":112,"column":29}}],"line":107},"14":{"loc":{"start":{"line":110,"column":35},"end":{"line":112,"column":29}},"type":"if","locations":[{"start":{"line":110,"column":35},"end":{"line":112,"column":29}},{"start":{"line":110,"column":35},"end":{"line":112,"column":29}}],"line":110},"15":{"loc":{"start":{"line":134,"column":4},"end":{"line":153,"column":5}},"type":"if","locations":[{"start":{"line":134,"column":4},"end":{"line":153,"column":5}},{"start":{"line":134,"column":4},"end":{"line":153,"column":5}}],"line":134},"16":{"loc":{"start":{"line":136,"column":28},"end":{"line":141,"column":29}},"type":"if","locations":[{"start":{"line":136,"column":28},"end":{"line":141,"column":29}},{"start":{"line":136,"column":28},"end":{"line":141,"column":29}}],"line":136},"17":{"loc":{"start":{"line":139,"column":35},"end":{"line":141,"column":29}},"type":"if","locations":[{"start":{"line":139,"column":35},"end":{"line":141,"column":29}},{"start":{"line":139,"column":35},"end":{"line":141,"column":29}}],"line":139},"18":{"loc":{"start":{"line":146,"column":28},"end":{"line":151,"column":29}},"type":"if","locations":[{"start":{"line":146,"column":28},"end":{"line":151,"column":29}},{"start":{"line":146,"column":28},"end":{"line":151,"column":29}}],"line":146},"19":{"loc":{"start":{"line":149,"column":35},"end":{"line":151,"column":29}},"type":"if","locations":[{"start":{"line":149,"column":35},"end":{"line":151,"column":29}},{"start":{"line":149,"column":35},"end":{"line":151,"column":29}}],"line":149},"20":{"loc":{"start":{"line":163,"column":4},"end":{"line":202,"column":5}},"type":"if","locations":[{"start":{"line":163,"column":4},"end":{"line":202,"column":5}},{"start":{"line":163,"column":4},"end":{"line":202,"column":5}}],"line":163},"21":{"loc":{"start":{"line":173,"column":12},"end":{"line":190,"column":13}},"type":"if","locations":[{"start":{"line":173,"column":12},"end":{"line":190,"column":13}},{"start":{"line":173,"column":12},"end":{"line":190,"column":13}}],"line":173},"22":{"loc":{"start":{"line":176,"column":19},"end":{"line":190,"column":13}},"type":"if","locations":[{"start":{"line":176,"column":19},"end":{"line":190,"column":13}},{"start":{"line":176,"column":19},"end":{"line":190,"column":13}}],"line":176},"23":{"loc":{"start":{"line":177,"column":16},"end":{"line":181,"column":17}},"type":"if","locations":[{"start":{"line":177,"column":16},"end":{"line":181,"column":17}},{"start":{"line":177,"column":16},"end":{"line":181,"column":17}}],"line":177},"24":{"loc":{"start":{"line":183,"column":24},"end":{"line":188,"column":25}},"type":"if","locations":[{"start":{"line":183,"column":24},"end":{"line":188,"column":25}},{"start":{"line":183,"column":24},"end":{"line":188,"column":25}}],"line":183},"25":{"loc":{"start":{"line":186,"column":31},"end":{"line":188,"column":25}},"type":"if","locations":[{"start":{"line":186,"column":31},"end":{"line":188,"column":25}},{"start":{"line":186,"column":31},"end":{"line":188,"column":25}}],"line":186},"26":{"loc":{"start":{"line":195,"column":12},"end":{"line":200,"column":13}},"type":"if","locations":[{"start":{"line":195,"column":12},"end":{"line":200,"column":13}},{"start":{"line":195,"column":12},"end":{"line":200,"column":13}}],"line":195},"27":{"loc":{"start":{"line":198,"column":19},"end":{"line":200,"column":13}},"type":"if","locations":[{"start":{"line":198,"column":19},"end":{"line":200,"column":13}},{"start":{"line":198,"column":19},"end":{"line":200,"column":13}}],"line":198},"28":{"loc":{"start":{"line":220,"column":4},"end":{"line":220,"column":71}},"type":"if","locations":[{"start":{"line":220,"column":4},"end":{"line":220,"column":71}},{"start":{"line":220,"column":4},"end":{"line":220,"column":71}}],"line":220},"29":{"loc":{"start":{"line":221,"column":4},"end":{"line":221,"column":71}},"type":"if","locations":[{"start":{"line":221,"column":4},"end":{"line":221,"column":71}},{"start":{"line":221,"column":4},"end":{"line":221,"column":71}}],"line":221},"30":{"loc":{"start":{"line":225,"column":4},"end":{"line":229,"column":5}},"type":"if","locations":[{"start":{"line":225,"column":4},"end":{"line":229,"column":5}},{"start":{"line":225,"column":4},"end":{"line":229,"column":5}}],"line":225},"31":{"loc":{"start":{"line":225,"column":8},"end":{"line":225,"column":48}},"type":"binary-expr","locations":[{"start":{"line":225,"column":8},"end":{"line":225,"column":22}},{"start":{"line":225,"column":26},"end":{"line":225,"column":48}}],"line":225},"32":{"loc":{"start":{"line":226,"column":16},"end":{"line":226,"column":60}},"type":"cond-expr","locations":[{"start":{"line":226,"column":37},"end":{"line":226,"column":55}},{"start":{"line":226,"column":58},"end":{"line":226,"column":60}}],"line":226},"33":{"loc":{"start":{"line":232,"column":7},"end":{"line":237,"column":9}},"type":"if","locations":[{"start":{"line":232,"column":7},"end":{"line":237,"column":9}},{"start":{"line":232,"column":7},"end":{"line":237,"column":9}}],"line":232},"34":{"loc":{"start":{"line":235,"column":15},"end":{"line":237,"column":9}},"type":"if","locations":[{"start":{"line":235,"column":15},"end":{"line":237,"column":9}},{"start":{"line":235,"column":15},"end":{"line":237,"column":9}}],"line":235},"35":{"loc":{"start":{"line":249,"column":4},"end":{"line":249,"column":70}},"type":"if","locations":[{"start":{"line":249,"column":4},"end":{"line":249,"column":70}},{"start":{"line":249,"column":4},"end":{"line":249,"column":70}}],"line":249},"36":{"loc":{"start":{"line":250,"column":4},"end":{"line":250,"column":91}},"type":"if","locations":[{"start":{"line":250,"column":4},"end":{"line":250,"column":91}},{"start":{"line":250,"column":4},"end":{"line":250,"column":91}}],"line":250},"37":{"loc":{"start":{"line":251,"column":4},"end":{"line":251,"column":70}},"type":"if","locations":[{"start":{"line":251,"column":4},"end":{"line":251,"column":70}},{"start":{"line":251,"column":4},"end":{"line":251,"column":70}}],"line":251},"38":{"loc":{"start":{"line":252,"column":4},"end":{"line":252,"column":123}},"type":"if","locations":[{"start":{"line":252,"column":4},"end":{"line":252,"column":123}},{"start":{"line":252,"column":4},"end":{"line":252,"column":123}}],"line":252},"39":{"loc":{"start":{"line":253,"column":4},"end":{"line":253,"column":127}},"type":"if","locations":[{"start":{"line":253,"column":4},"end":{"line":253,"column":127}},{"start":{"line":253,"column":4},"end":{"line":253,"column":127}}],"line":253},"40":{"loc":{"start":{"line":254,"column":4},"end":{"line":254,"column":121}},"type":"if","locations":[{"start":{"line":254,"column":4},"end":{"line":254,"column":121}},{"start":{"line":254,"column":4},"end":{"line":254,"column":121}}],"line":254},"41":{"loc":{"start":{"line":255,"column":4},"end":{"line":255,"column":125}},"type":"if","locations":[{"start":{"line":255,"column":4},"end":{"line":255,"column":125}},{"start":{"line":255,"column":4},"end":{"line":255,"column":125}}],"line":255},"42":{"loc":{"start":{"line":260,"column":4},"end":{"line":264,"column":5}},"type":"if","locations":[{"start":{"line":260,"column":4},"end":{"line":264,"column":5}},{"start":{"line":260,"column":4},"end":{"line":264,"column":5}}],"line":260},"43":{"loc":{"start":{"line":260,"column":8},"end":{"line":260,"column":48}},"type":"binary-expr","locations":[{"start":{"line":260,"column":8},"end":{"line":260,"column":22}},{"start":{"line":260,"column":26},"end":{"line":260,"column":48}}],"line":260},"44":{"loc":{"start":{"line":261,"column":16},"end":{"line":261,"column":60}},"type":"cond-expr","locations":[{"start":{"line":261,"column":37},"end":{"line":261,"column":55}},{"start":{"line":261,"column":58},"end":{"line":261,"column":60}}],"line":261},"45":{"loc":{"start":{"line":267,"column":8},"end":{"line":272,"column":9}},"type":"if","locations":[{"start":{"line":267,"column":8},"end":{"line":272,"column":9}},{"start":{"line":267,"column":8},"end":{"line":272,"column":9}}],"line":267},"46":{"loc":{"start":{"line":270,"column":15},"end":{"line":272,"column":9}},"type":"if","locations":[{"start":{"line":270,"column":15},"end":{"line":272,"column":9}},{"start":{"line":270,"column":15},"end":{"line":272,"column":9}}],"line":270}},"s":{"0":1,"1":1,"2":1,"3":1,"4":1,"5":2,"6":1,"7":1,"8":21,"9":21,"10":21,"11":21,"12":10,"13":11,"14":10,"15":10,"16":1,"17":1,"18":1,"19":1,"20":0,"21":0,"22":0,"23":1,"24":1,"25":0,"26":0,"27":1,"28":1,"29":1,"30":1,"31":0,"32":0,"33":0,"34":1,"35":1,"36":0,"37":0,"38":1,"39":1,"40":1,"41":1,"42":1,"43":1,"44":0,"45":0,"46":1,"47":1,"48":0,"49":0,"50":0,"51":0,"52":0,"53":0,"54":2,"55":2,"56":2,"57":2,"58":2,"59":2,"60":2,"61":0,"62":0,"63":2,"64":2,"65":1,"66":1,"67":2,"68":2,"69":0,"70":0,"71":2,"72":2,"73":0,"74":0,"75":0,"76":0,"77":0,"78":0,"79":1,"80":1,"81":1,"82":1,"83":1,"84":1,"85":1,"86":0,"87":0,"88":0,"89":1,"90":1,"91":0,"92":0,"93":1,"94":1,"95":1,"96":1,"97":1,"98":1,"99":1,"100":1,"101":1,"102":1,"103":0,"104":1,"105":1,"106":0,"107":1,"108":1,"109":0,"110":1,"111":1,"112":0,"113":1,"114":1,"115":1,"116":0,"117":0,"118":0,"119":1,"120":1,"121":0,"122":0,"123":1,"124":1,"125":1},"f":{"0":2,"1":21,"2":1,"3":1,"4":1,"5":1,"6":1,"7":1,"8":0,"9":2,"10":2,"11":2,"12":0,"13":1,"14":1,"15":1,"16":1},"b":{"0":[1,1],"1":[10,11],"2":[10,11],"3":[10,1],"4":[1,0],"5":[0,1],"6":[1,0],"7":[0,0],"8":[0,1],"9":[1,0],"10":[0,1],"11":[1,0],"12":[0,0],"13":[0,1],"14":[1,0],"15":[1,0],"16":[0,1],"17":[1,0],"18":[0,0],"19":[0,0],"20":[2,0],"21":[0,2],"22":[2,0],"23":[1,1],"24":[0,2],"25":[2,0],"26":[0,0],"27":[0,0],"28":[1,0],"29":[1,0],"30":[0,1],"31":[1,0],"32":[0,0],"33":[0,1],"34":[1,0],"35":[1,0],"36":[1,0],"37":[1,0],"38":[0,1],"39":[0,1],"40":[0,1],"41":[0,1],"42":[0,1],"43":[1,0],"44":[0,0],"45":[0,1],"46":[1,0]},"_coverageSchema":"1a1c01bbd47fc00a2c39e90264f33305004495a9","hash":"c87f0e13dce9b3d30117b649b8c1b9ce2a0b73d5"}
,"D:\\Panda Study\\MCIT Upenn\\Fall\\CIS550\\Week3\\HW2\\HW2 MS1 Student\\HW2 MS1 Tutu\\server\\server.js": {"path":"D:\\Panda Study\\MCIT Upenn\\Fall\\CIS550\\Week3\\HW2\\HW2 MS1 Student\\HW2 MS1 Tutu\\server\\server.js","statementMap":{"0":{"start":{"line":1,"column":16},"end":{"line":1,"column":34}},"1":{"start":{"line":2,"column":19},"end":{"line":2,"column":35}},"2":{"start":{"line":5,"column":15},"end":{"line":5,"column":34}},"3":{"start":{"line":6,"column":15},"end":{"line":6,"column":39}},"4":{"start":{"line":8,"column":12},"end":{"line":8,"column":21}},"5":{"start":{"line":11,"column":0},"end":{"line":11,"column":31}},"6":{"start":{"line":14,"column":0},"end":{"line":14,"column":41}},"7":{"start":{"line":17,"column":0},"end":{"line":17,"column":47}},"8":{"start":{"line":20,"column":0},"end":{"line":20,"column":39}},"9":{"start":{"line":23,"column":0},"end":{"line":23,"column":31}},"10":{"start":{"line":26,"column":0},"end":{"line":26,"column":33}},"11":{"start":{"line":29,"column":0},"end":{"line":29,"column":49}},"12":{"start":{"line":32,"column":0},"end":{"line":32,"column":49}},"13":{"start":{"line":38,"column":0},"end":{"line":40,"column":3}},"14":{"start":{"line":39,"column":4},"end":{"line":39,"column":89}},"15":{"start":{"line":42,"column":0},"end":{"line":42,"column":21}}},"fnMap":{"0":{"name":"(anonymous_0)","decl":{"start":{"line":38,"column":31},"end":{"line":38,"column":32}},"loc":{"start":{"line":38,"column":37},"end":{"line":40,"column":1}},"line":38}},"branchMap":{},"s":{"0":1,"1":1,"2":1,"3":1,"4":1,"5":1,"6":1,"7":1,"8":1,"9":1,"10":1,"11":1,"12":1,"13":1,"14":1,"15":1},"f":{"0":1},"b":{},"_coverageSchema":"1a1c01bbd47fc00a2c39e90264f33305004495a9","hash":"e8f35d00020720b7675b63ff4f99d39a309ee43e"}
}
