TN:
SF:routes.js
FN:21,hello
FN:36,jersey
FN:60,all_matches
FN:83,(anonymous_3)
FN:95,all_players
FN:106,(anonymous_5)
FN:123,match
FN:135,(anonymous_7)
FN:145,(anonymous_8)
FN:161,player
FN:172,(anonymous_10)
FN:182,(anonymous_11)
FN:194,(anonymous_12)
FN:211,search_matches
FN:231,(anonymous_14)
FN:244,search_players
FN:266,(anonymous_16)
FNF:17
FNH:15
FNDA:2,hello
FNDA:21,jersey
FNDA:1,all_matches
FNDA:1,(anonymous_3)
FNDA:1,all_players
FNDA:1,(anonymous_5)
FNDA:1,match
FNDA:1,(anonymous_7)
FNDA:0,(anonymous_8)
FNDA:2,player
FNDA:2,(anonymous_10)
FNDA:2,(anonymous_11)
FNDA:0,(anonymous_12)
FNDA:1,search_matches
FNDA:1,(anonymous_14)
FNDA:1,search_players
FNDA:1,(anonymous_16)
DA:1,1
DA:2,1
DA:3,1
DA:6,1
DA:13,1
DA:23,2
DA:24,1
DA:26,1
DA:37,21
DA:38,21
DA:39,21
DA:41,21
DA:43,10
DA:44,11
DA:45,10
DA:47,10
DA:50,1
DA:65,1
DA:68,1
DA:75,1
DA:76,0
DA:77,0
DA:78,0
DA:83,1
DA:84,1
DA:85,0
DA:86,0
DA:87,1
DA:88,1
DA:97,1
DA:100,1
DA:101,0
DA:102,0
DA:103,0
DA:106,1
DA:107,1
DA:108,0
DA:109,0
DA:110,1
DA:111,1
DA:125,1
DA:134,1
DA:135,1
DA:136,1
DA:137,0
DA:138,0
DA:139,1
DA:140,1
DA:145,0
DA:146,0
DA:147,0
DA:148,0
DA:149,0
DA:150,0
DA:163,2
DA:165,2
DA:166,2
DA:169,2
DA:170,2
DA:172,2
DA:173,2
DA:174,0
DA:175,0
DA:176,2
DA:177,2
DA:178,1
DA:180,1
DA:182,2
DA:183,2
DA:184,0
DA:185,0
DA:186,2
DA:187,2
DA:194,0
DA:195,0
DA:196,0
DA:197,0
DA:198,0
DA:199,0
DA:215,1
DA:220,1
DA:221,1
DA:222,1
DA:225,1
DA:226,0
DA:227,0
DA:228,0
DA:231,1
DA:232,1
DA:233,0
DA:234,0
DA:235,1
DA:236,1
DA:247,1
DA:249,1
DA:250,1
DA:251,1
DA:252,1
DA:253,1
DA:254,1
DA:255,1
DA:257,1
DA:260,1
DA:261,0
DA:262,0
DA:263,0
DA:266,1
DA:267,1
DA:268,0
DA:269,0
DA:270,1
DA:271,1
DA:277,1
LF:113
LH:75
BRDA:23,0,0,1
BRDA:23,0,1,1
BRDA:39,1,0,10
BRDA:39,1,1,11
BRDA:41,2,0,10
BRDA:41,2,1,11
BRDA:44,3,0,10
BRDA:44,3,1,1
BRDA:65,4,0,1
BRDA:65,4,1,0
BRDA:75,5,0,0
BRDA:75,5,1,1
BRDA:75,6,0,1
BRDA:75,6,1,0
BRDA:76,7,0,0
BRDA:76,7,1,0
BRDA:84,8,0,0
BRDA:84,8,1,1
BRDA:87,9,0,1
BRDA:87,9,1,0
BRDA:100,10,0,0
BRDA:100,10,1,1
BRDA:100,11,0,1
BRDA:100,11,1,0
BRDA:101,12,0,0
BRDA:101,12,1,0
BRDA:107,13,0,0
BRDA:107,13,1,1
BRDA:110,14,0,1
BRDA:110,14,1,0
BRDA:134,15,0,1
BRDA:134,15,1,0
BRDA:136,16,0,0
BRDA:136,16,1,1
BRDA:139,17,0,1
BRDA:139,17,1,0
BRDA:146,18,0,0
BRDA:146,18,1,0
BRDA:149,19,0,0
BRDA:149,19,1,0
BRDA:163,20,0,2
BRDA:163,20,1,0
BRDA:173,21,0,0
BRDA:173,21,1,2
BRDA:176,22,0,2
BRDA:176,22,1,0
BRDA:177,23,0,1
BRDA:177,23,1,1
BRDA:183,24,0,0
BRDA:183,24,1,2
BRDA:186,25,0,2
BRDA:186,25,1,0
BRDA:195,26,0,0
BRDA:195,26,1,0
BRDA:198,27,0,0
BRDA:198,27,1,0
BRDA:220,28,0,1
BRDA:220,28,1,0
BRDA:221,29,0,1
BRDA:221,29,1,0
BRDA:225,30,0,0
BRDA:225,30,1,1
BRDA:225,31,0,1
BRDA:225,31,1,0
BRDA:226,32,0,0
BRDA:226,32,1,0
BRDA:232,33,0,0
BRDA:232,33,1,1
BRDA:235,34,0,1
BRDA:235,34,1,0
BRDA:249,35,0,1
BRDA:249,35,1,0
BRDA:250,36,0,1
BRDA:250,36,1,0
BRDA:251,37,0,1
BRDA:251,37,1,0
BRDA:252,38,0,0
BRDA:252,38,1,1
BRDA:253,39,0,0
BRDA:253,39,1,1
BRDA:254,40,0,0
BRDA:254,40,1,1
BRDA:255,41,0,0
BRDA:255,41,1,1
BRDA:260,42,0,0
BRDA:260,42,1,1
BRDA:260,43,0,1
BRDA:260,43,1,0
BRDA:261,44,0,0
BRDA:261,44,1,0
BRDA:267,45,0,0
BRDA:267,45,1,1
BRDA:270,46,0,1
BRDA:270,46,1,0
BRF:94
BRH:44
end_of_record
TN:
SF:server.js
FN:38,(anonymous_0)
FNF:1
FNH:1
FNDA:1,(anonymous_0)
DA:1,1
DA:2,1
DA:5,1
DA:6,1
DA:8,1
DA:11,1
DA:14,1
DA:17,1
DA:20,1
DA:23,1
DA:26,1
DA:29,1
DA:32,1
DA:38,1
DA:39,1
DA:42,1
LF:16
LH:16
BRF:0
BRH:0
end_of_record
