{"/Users/bozou/Google Drive/mcit/2021_fall/CIS550/week03/hw3/MS1 - Student/server/routes.js": {"path":"/Users/bozou/Google Drive/mcit/2021_fall/CIS550/week03/hw3/MS1 - Student/server/routes.js","statementMap":{"0":{"start":{"line":1,"column":15},"end":{"line":1,"column":39}},"1":{"start":{"line":2,"column":14},"end":{"line":2,"column":30}},"2":{"start":{"line":3,"column":10},"end":{"line":3,"column":28}},"3":{"start":{"line":6,"column":19},"end":{"line":12,"column":2}},"4":{"start":{"line":13,"column":0},"end":{"line":13,"column":21}},"5":{"start":{"line":23,"column":4},"end":{"line":27,"column":5}},"6":{"start":{"line":24,"column":8},"end":{"line":24,"column":73}},"7":{"start":{"line":26,"column":8},"end":{"line":26,"column":54}},"8":{"start":{"line":37,"column":19},"end":{"line":37,"column":43}},"9":{"start":{"line":38,"column":26},"end":{"line":38,"column":60}},"10":{"start":{"line":39,"column":17},"end":{"line":39,"column":59}},"11":{"start":{"line":41,"column":4},"end":{"line":51,"column":5}},"12":{"start":{"line":43,"column":8},"end":{"line":43,"column":78}},"13":{"start":{"line":44,"column":11},"end":{"line":51,"column":5}},"14":{"start":{"line":45,"column":32},"end":{"line":45,"column":61}},"15":{"start":{"line":47,"column":8},"end":{"line":47,"column":89}},"16":{"start":{"line":50,"column":8},"end":{"line":50,"column":69}},"17":{"start":{"line":65,"column":19},"end":{"line":65,"column":63}},"18":{"start":{"line":67,"column":17},"end":{"line":67,"column":55}},"19":{"start":{"line":68,"column":21},"end":{"line":68,"column":65}},"20":{"start":{"line":69,"column":4},"end":{"line":102,"column":5}},"21":{"start":{"line":73,"column":8},"end":{"line":85,"column":11}},"22":{"start":{"line":79,"column":12},"end":{"line":84,"column":13}},"23":{"start":{"line":80,"column":16},"end":{"line":80,"column":34}},"24":{"start":{"line":81,"column":16},"end":{"line":81,"column":42}},"25":{"start":{"line":82,"column":19},"end":{"line":84,"column":13}},"26":{"start":{"line":83,"column":16},"end":{"line":83,"column":46}},"27":{"start":{"line":90,"column":8},"end":{"line":101,"column":11}},"28":{"start":{"line":95,"column":12},"end":{"line":100,"column":13}},"29":{"start":{"line":96,"column":16},"end":{"line":96,"column":34}},"30":{"start":{"line":97,"column":16},"end":{"line":97,"column":42}},"31":{"start":{"line":98,"column":19},"end":{"line":100,"column":13}},"32":{"start":{"line":99,"column":16},"end":{"line":99,"column":46}},"33":{"start":{"line":108,"column":17},"end":{"line":108,"column":55}},"34":{"start":{"line":109,"column":21},"end":{"line":109,"column":65}},"35":{"start":{"line":110,"column":4},"end":{"line":140,"column":5}},"36":{"start":{"line":112,"column":8},"end":{"line":123,"column":11}},"37":{"start":{"line":117,"column":12},"end":{"line":122,"column":13}},"38":{"start":{"line":118,"column":16},"end":{"line":118,"column":34}},"39":{"start":{"line":119,"column":16},"end":{"line":119,"column":42}},"40":{"start":{"line":120,"column":19},"end":{"line":122,"column":13}},"41":{"start":{"line":121,"column":16},"end":{"line":121,"column":46}},"42":{"start":{"line":128,"column":8},"end":{"line":139,"column":11}},"43":{"start":{"line":133,"column":12},"end":{"line":138,"column":13}},"44":{"start":{"line":134,"column":16},"end":{"line":134,"column":34}},"45":{"start":{"line":135,"column":16},"end":{"line":135,"column":42}},"46":{"start":{"line":136,"column":19},"end":{"line":138,"column":13}},"47":{"start":{"line":137,"column":16},"end":{"line":137,"column":46}},"48":{"start":{"line":150,"column":20},"end":{"line":150,"column":32}},"49":{"start":{"line":151,"column":4},"end":{"line":163,"column":11}},"50":{"start":{"line":157,"column":12},"end":{"line":162,"column":13}},"51":{"start":{"line":158,"column":16},"end":{"line":158,"column":34}},"52":{"start":{"line":159,"column":16},"end":{"line":159,"column":42}},"53":{"start":{"line":160,"column":19},"end":{"line":162,"column":13}},"54":{"start":{"line":161,"column":16},"end":{"line":161,"column":44}},"55":{"start":{"line":173,"column":21},"end":{"line":173,"column":33}},"56":{"start":{"line":174,"column":4},"end":{"line":215,"column":6}},"57":{"start":{"line":176,"column":8},"end":{"line":214,"column":9}},"58":{"start":{"line":177,"column":12},"end":{"line":177,"column":30}},"59":{"start":{"line":178,"column":12},"end":{"line":178,"column":38}},"60":{"start":{"line":179,"column":15},"end":{"line":214,"column":9}},"61":{"start":{"line":180,"column":12},"end":{"line":212,"column":13}},"62":{"start":{"line":181,"column":16},"end":{"line":181,"column":44}},"63":{"start":{"line":182,"column":16},"end":{"line":195,"column":17}},"64":{"start":{"line":188,"column":24},"end":{"line":193,"column":25}},"65":{"start":{"line":189,"column":28},"end":{"line":189,"column":46}},"66":{"start":{"line":190,"column":28},"end":{"line":190,"column":54}},"67":{"start":{"line":191,"column":30},"end":{"line":193,"column":25}},"68":{"start":{"line":192,"column":28},"end":{"line":192,"column":65}},"69":{"start":{"line":198,"column":16},"end":{"line":211,"column":17}},"70":{"start":{"line":204,"column":24},"end":{"line":209,"column":25}},"71":{"start":{"line":205,"column":28},"end":{"line":205,"column":46}},"72":{"start":{"line":206,"column":28},"end":{"line":206,"column":54}},"73":{"start":{"line":207,"column":30},"end":{"line":209,"column":25}},"74":{"start":{"line":208,"column":28},"end":{"line":208,"column":65}},"75":{"start":{"line":228,"column":17},"end":{"line":228,"column":53}},"76":{"start":{"line":229,"column":17},"end":{"line":229,"column":53}},"77":{"start":{"line":230,"column":17},"end":{"line":230,"column":55}},"78":{"start":{"line":231,"column":21},"end":{"line":231,"column":65}},"79":{"start":{"line":233,"column":4},"end":{"line":263,"column":5}},"80":{"start":{"line":235,"column":8},"end":{"line":247,"column":11}},"81":{"start":{"line":241,"column":12},"end":{"line":246,"column":13}},"82":{"start":{"line":242,"column":16},"end":{"line":242,"column":34}},"83":{"start":{"line":243,"column":16},"end":{"line":243,"column":42}},"84":{"start":{"line":244,"column":19},"end":{"line":246,"column":13}},"85":{"start":{"line":245,"column":16},"end":{"line":245,"column":46}},"86":{"start":{"line":250,"column":8},"end":{"line":262,"column":11}},"87":{"start":{"line":256,"column":12},"end":{"line":261,"column":13}},"88":{"start":{"line":257,"column":16},"end":{"line":257,"column":34}},"89":{"start":{"line":258,"column":16},"end":{"line":258,"column":42}},"90":{"start":{"line":259,"column":19},"end":{"line":261,"column":13}},"91":{"start":{"line":260,"column":16},"end":{"line":260,"column":46}},"92":{"start":{"line":272,"column":17},"end":{"line":272,"column":53}},"93":{"start":{"line":273,"column":24},"end":{"line":273,"column":74}},"94":{"start":{"line":274,"column":17},"end":{"line":274,"column":53}},"95":{"start":{"line":275,"column":22},"end":{"line":275,"column":67}},"96":{"start":{"line":276,"column":23},"end":{"line":276,"column":72}},"97":{"start":{"line":277,"column":25},"end":{"line":277,"column":74}},"98":{"start":{"line":278,"column":26},"end":{"line":278,"column":79}},"99":{"start":{"line":279,"column":17},"end":{"line":279,"column":55}},"100":{"start":{"line":280,"column":21},"end":{"line":280,"column":65}},"101":{"start":{"line":282,"column":4},"end":{"line":314,"column":5}},"102":{"start":{"line":284,"column":8},"end":{"line":297,"column":11}},"103":{"start":{"line":291,"column":12},"end":{"line":296,"column":13}},"104":{"start":{"line":292,"column":16},"end":{"line":292,"column":34}},"105":{"start":{"line":293,"column":16},"end":{"line":293,"column":42}},"106":{"start":{"line":294,"column":19},"end":{"line":296,"column":13}},"107":{"start":{"line":295,"column":16},"end":{"line":295,"column":46}},"108":{"start":{"line":300,"column":8},"end":{"line":313,"column":11}},"109":{"start":{"line":307,"column":12},"end":{"line":312,"column":13}},"110":{"start":{"line":308,"column":16},"end":{"line":308,"column":34}},"111":{"start":{"line":309,"column":16},"end":{"line":309,"column":42}},"112":{"start":{"line":310,"column":19},"end":{"line":312,"column":13}},"113":{"start":{"line":311,"column":16},"end":{"line":311,"column":46}},"114":{"start":{"line":318,"column":0},"end":{"line":327,"column":1}}},"fnMap":{"0":{"name":"hello","decl":{"start":{"line":21,"column":15},"end":{"line":21,"column":20}},"loc":{"start":{"line":21,"column":31},"end":{"line":28,"column":1}},"line":21},"1":{"name":"jersey","decl":{"start":{"line":36,"column":15},"end":{"line":36,"column":21}},"loc":{"start":{"line":36,"column":32},"end":{"line":52,"column":1}},"line":36},"2":{"name":"all_matches","decl":{"start":{"line":60,"column":15},"end":{"line":60,"column":26}},"loc":{"start":{"line":60,"column":37},"end":{"line":103,"column":1}},"line":60},"3":{"name":"(anonymous_3)","decl":{"start":{"line":77,"column":50},"end":{"line":77,"column":51}},"loc":{"start":{"line":77,"column":84},"end":{"line":85,"column":9}},"line":77},"4":{"name":"(anonymous_4)","decl":{"start":{"line":93,"column":38},"end":{"line":93,"column":39}},"loc":{"start":{"line":93,"column":72},"end":{"line":101,"column":9}},"line":93},"5":{"name":"all_players","decl":{"start":{"line":106,"column":15},"end":{"line":106,"column":26}},"loc":{"start":{"line":106,"column":37},"end":{"line":141,"column":1}},"line":106},"6":{"name":"(anonymous_6)","decl":{"start":{"line":115,"column":50},"end":{"line":115,"column":51}},"loc":{"start":{"line":115,"column":84},"end":{"line":123,"column":9}},"line":115},"7":{"name":"(anonymous_7)","decl":{"start":{"line":131,"column":10},"end":{"line":131,"column":11}},"loc":{"start":{"line":131,"column":44},"end":{"line":139,"column":9}},"line":131},"8":{"name":"match","decl":{"start":{"line":149,"column":15},"end":{"line":149,"column":20}},"loc":{"start":{"line":149,"column":31},"end":{"line":164,"column":1}},"line":149},"9":{"name":"(anonymous_9)","decl":{"start":{"line":156,"column":39},"end":{"line":156,"column":40}},"loc":{"start":{"line":156,"column":73},"end":{"line":163,"column":9}},"line":156},"10":{"name":"player","decl":{"start":{"line":171,"column":15},"end":{"line":171,"column":21}},"loc":{"start":{"line":171,"column":32},"end":{"line":216,"column":1}},"line":171},"11":{"name":"(anonymous_11)","decl":{"start":{"line":175,"column":4},"end":{"line":175,"column":5}},"loc":{"start":{"line":175,"column":38},"end":{"line":215,"column":5}},"line":175},"12":{"name":"(anonymous_12)","decl":{"start":{"line":187,"column":20},"end":{"line":187,"column":21}},"loc":{"start":{"line":187,"column":54},"end":{"line":194,"column":21}},"line":187},"13":{"name":"(anonymous_13)","decl":{"start":{"line":203,"column":20},"end":{"line":203,"column":21}},"loc":{"start":{"line":203,"column":54},"end":{"line":210,"column":21}},"line":203},"14":{"name":"search_matches","decl":{"start":{"line":224,"column":15},"end":{"line":224,"column":29}},"loc":{"start":{"line":224,"column":40},"end":{"line":266,"column":1}},"line":224},"15":{"name":"(anonymous_15)","decl":{"start":{"line":239,"column":50},"end":{"line":239,"column":51}},"loc":{"start":{"line":239,"column":84},"end":{"line":247,"column":9}},"line":239},"16":{"name":"(anonymous_16)","decl":{"start":{"line":254,"column":9},"end":{"line":254,"column":10}},"loc":{"start":{"line":254,"column":43},"end":{"line":262,"column":9}},"line":254},"17":{"name":"search_players","decl":{"start":{"line":269,"column":15},"end":{"line":269,"column":29}},"loc":{"start":{"line":269,"column":40},"end":{"line":316,"column":1}},"line":269},"18":{"name":"(anonymous_18)","decl":{"start":{"line":289,"column":50},"end":{"line":289,"column":51}},"loc":{"start":{"line":289,"column":84},"end":{"line":297,"column":9}},"line":289},"19":{"name":"(anonymous_19)","decl":{"start":{"line":305,"column":9},"end":{"line":305,"column":10}},"loc":{"start":{"line":305,"column":43},"end":{"line":313,"column":9}},"line":305}},"branchMap":{"0":{"loc":{"start":{"line":23,"column":4},"end":{"line":27,"column":5}},"type":"if","locations":[{"start":{"line":23,"column":4},"end":{"line":27,"column":5}},{"start":{"line":23,"column":4},"end":{"line":27,"column":5}}],"line":23},"1":{"loc":{"start":{"line":39,"column":17},"end":{"line":39,"column":59}},"type":"cond-expr","locations":[{"start":{"line":39,"column":34},"end":{"line":39,"column":48}},{"start":{"line":39,"column":51},"end":{"line":39,"column":59}}],"line":39},"2":{"loc":{"start":{"line":41,"column":4},"end":{"line":51,"column":5}},"type":"if","locations":[{"start":{"line":41,"column":4},"end":{"line":51,"column":5}},{"start":{"line":41,"column":4},"end":{"line":51,"column":5}}],"line":41},"3":{"loc":{"start":{"line":44,"column":11},"end":{"line":51,"column":5}},"type":"if","locations":[{"start":{"line":44,"column":11},"end":{"line":51,"column":5}},{"start":{"line":44,"column":11},"end":{"line":51,"column":5}}],"line":44},"4":{"loc":{"start":{"line":65,"column":19},"end":{"line":65,"column":63}},"type":"cond-expr","locations":[{"start":{"line":65,"column":39},"end":{"line":65,"column":56}},{"start":{"line":65,"column":59},"end":{"line":65,"column":63}}],"line":65},"5":{"loc":{"start":{"line":67,"column":17},"end":{"line":67,"column":55}},"type":"cond-expr","locations":[{"start":{"line":67,"column":34},"end":{"line":67,"column":48}},{"start":{"line":67,"column":51},"end":{"line":67,"column":55}}],"line":67},"6":{"loc":{"start":{"line":68,"column":21},"end":{"line":68,"column":65}},"type":"cond-expr","locations":[{"start":{"line":68,"column":42},"end":{"line":68,"column":60}},{"start":{"line":68,"column":63},"end":{"line":68,"column":65}}],"line":68},"7":{"loc":{"start":{"line":69,"column":4},"end":{"line":102,"column":5}},"type":"if","locations":[{"start":{"line":69,"column":4},"end":{"line":102,"column":5}},{"start":{"line":69,"column":4},"end":{"line":102,"column":5}}],"line":69},"8":{"loc":{"start":{"line":69,"column":8},"end":{"line":69,"column":48}},"type":"binary-expr","locations":[{"start":{"line":69,"column":8},"end":{"line":69,"column":22}},{"start":{"line":69,"column":26},"end":{"line":69,"column":48}}],"line":69},"9":{"loc":{"start":{"line":79,"column":12},"end":{"line":84,"column":13}},"type":"if","locations":[{"start":{"line":79,"column":12},"end":{"line":84,"column":13}},{"start":{"line":79,"column":12},"end":{"line":84,"column":13}}],"line":79},"10":{"loc":{"start":{"line":82,"column":19},"end":{"line":84,"column":13}},"type":"if","locations":[{"start":{"line":82,"column":19},"end":{"line":84,"column":13}},{"start":{"line":82,"column":19},"end":{"line":84,"column":13}}],"line":82},"11":{"loc":{"start":{"line":95,"column":12},"end":{"line":100,"column":13}},"type":"if","locations":[{"start":{"line":95,"column":12},"end":{"line":100,"column":13}},{"start":{"line":95,"column":12},"end":{"line":100,"column":13}}],"line":95},"12":{"loc":{"start":{"line":98,"column":19},"end":{"line":100,"column":13}},"type":"if","locations":[{"start":{"line":98,"column":19},"end":{"line":100,"column":13}},{"start":{"line":98,"column":19},"end":{"line":100,"column":13}}],"line":98},"13":{"loc":{"start":{"line":108,"column":17},"end":{"line":108,"column":55}},"type":"cond-expr","locations":[{"start":{"line":108,"column":34},"end":{"line":108,"column":48}},{"start":{"line":108,"column":51},"end":{"line":108,"column":55}}],"line":108},"14":{"loc":{"start":{"line":109,"column":21},"end":{"line":109,"column":65}},"type":"cond-expr","locations":[{"start":{"line":109,"column":42},"end":{"line":109,"column":60}},{"start":{"line":109,"column":63},"end":{"line":109,"column":65}}],"line":109},"15":{"loc":{"start":{"line":110,"column":4},"end":{"line":140,"column":5}},"type":"if","locations":[{"start":{"line":110,"column":4},"end":{"line":140,"column":5}},{"start":{"line":110,"column":4},"end":{"line":140,"column":5}}],"line":110},"16":{"loc":{"start":{"line":110,"column":8},"end":{"line":110,"column":48}},"type":"binary-expr","locations":[{"start":{"line":110,"column":8},"end":{"line":110,"column":22}},{"start":{"line":110,"column":26},"end":{"line":110,"column":48}}],"line":110},"17":{"loc":{"start":{"line":117,"column":12},"end":{"line":122,"column":13}},"type":"if","locations":[{"start":{"line":117,"column":12},"end":{"line":122,"column":13}},{"start":{"line":117,"column":12},"end":{"line":122,"column":13}}],"line":117},"18":{"loc":{"start":{"line":120,"column":19},"end":{"line":122,"column":13}},"type":"if","locations":[{"start":{"line":120,"column":19},"end":{"line":122,"column":13}},{"start":{"line":120,"column":19},"end":{"line":122,"column":13}}],"line":120},"19":{"loc":{"start":{"line":133,"column":12},"end":{"line":138,"column":13}},"type":"if","locations":[{"start":{"line":133,"column":12},"end":{"line":138,"column":13}},{"start":{"line":133,"column":12},"end":{"line":138,"column":13}}],"line":133},"20":{"loc":{"start":{"line":136,"column":19},"end":{"line":138,"column":13}},"type":"if","locations":[{"start":{"line":136,"column":19},"end":{"line":138,"column":13}},{"start":{"line":136,"column":19},"end":{"line":138,"column":13}}],"line":136},"21":{"loc":{"start":{"line":157,"column":12},"end":{"line":162,"column":13}},"type":"if","locations":[{"start":{"line":157,"column":12},"end":{"line":162,"column":13}},{"start":{"line":157,"column":12},"end":{"line":162,"column":13}}],"line":157},"22":{"loc":{"start":{"line":160,"column":19},"end":{"line":162,"column":13}},"type":"if","locations":[{"start":{"line":160,"column":19},"end":{"line":162,"column":13}},{"start":{"line":160,"column":19},"end":{"line":162,"column":13}}],"line":160},"23":{"loc":{"start":{"line":176,"column":8},"end":{"line":214,"column":9}},"type":"if","locations":[{"start":{"line":176,"column":8},"end":{"line":214,"column":9}},{"start":{"line":176,"column":8},"end":{"line":214,"column":9}}],"line":176},"24":{"loc":{"start":{"line":179,"column":15},"end":{"line":214,"column":9}},"type":"if","locations":[{"start":{"line":179,"column":15},"end":{"line":214,"column":9}},{"start":{"line":179,"column":15},"end":{"line":214,"column":9}}],"line":179},"25":{"loc":{"start":{"line":180,"column":12},"end":{"line":212,"column":13}},"type":"if","locations":[{"start":{"line":180,"column":12},"end":{"line":212,"column":13}},{"start":{"line":180,"column":12},"end":{"line":212,"column":13}}],"line":180},"26":{"loc":{"start":{"line":188,"column":24},"end":{"line":193,"column":25}},"type":"if","locations":[{"start":{"line":188,"column":24},"end":{"line":193,"column":25}},{"start":{"line":188,"column":24},"end":{"line":193,"column":25}}],"line":188},"27":{"loc":{"start":{"line":191,"column":30},"end":{"line":193,"column":25}},"type":"if","locations":[{"start":{"line":191,"column":30},"end":{"line":193,"column":25}},{"start":{"line":191,"column":30},"end":{"line":193,"column":25}}],"line":191},"28":{"loc":{"start":{"line":204,"column":24},"end":{"line":209,"column":25}},"type":"if","locations":[{"start":{"line":204,"column":24},"end":{"line":209,"column":25}},{"start":{"line":204,"column":24},"end":{"line":209,"column":25}}],"line":204},"29":{"loc":{"start":{"line":207,"column":30},"end":{"line":209,"column":25}},"type":"if","locations":[{"start":{"line":207,"column":30},"end":{"line":209,"column":25}},{"start":{"line":207,"column":30},"end":{"line":209,"column":25}}],"line":207},"30":{"loc":{"start":{"line":228,"column":17},"end":{"line":228,"column":53}},"type":"cond-expr","locations":[{"start":{"line":228,"column":34},"end":{"line":228,"column":48}},{"start":{"line":228,"column":51},"end":{"line":228,"column":53}}],"line":228},"31":{"loc":{"start":{"line":229,"column":17},"end":{"line":229,"column":53}},"type":"cond-expr","locations":[{"start":{"line":229,"column":34},"end":{"line":229,"column":48}},{"start":{"line":229,"column":51},"end":{"line":229,"column":53}}],"line":229},"32":{"loc":{"start":{"line":230,"column":17},"end":{"line":230,"column":55}},"type":"cond-expr","locations":[{"start":{"line":230,"column":34},"end":{"line":230,"column":48}},{"start":{"line":230,"column":51},"end":{"line":230,"column":55}}],"line":230},"33":{"loc":{"start":{"line":231,"column":21},"end":{"line":231,"column":65}},"type":"cond-expr","locations":[{"start":{"line":231,"column":42},"end":{"line":231,"column":60}},{"start":{"line":231,"column":63},"end":{"line":231,"column":65}}],"line":231},"34":{"loc":{"start":{"line":233,"column":4},"end":{"line":263,"column":5}},"type":"if","locations":[{"start":{"line":233,"column":4},"end":{"line":263,"column":5}},{"start":{"line":233,"column":4},"end":{"line":263,"column":5}}],"line":233},"35":{"loc":{"start":{"line":233,"column":8},"end":{"line":233,"column":48}},"type":"binary-expr","locations":[{"start":{"line":233,"column":8},"end":{"line":233,"column":22}},{"start":{"line":233,"column":26},"end":{"line":233,"column":48}}],"line":233},"36":{"loc":{"start":{"line":241,"column":12},"end":{"line":246,"column":13}},"type":"if","locations":[{"start":{"line":241,"column":12},"end":{"line":246,"column":13}},{"start":{"line":241,"column":12},"end":{"line":246,"column":13}}],"line":241},"37":{"loc":{"start":{"line":244,"column":19},"end":{"line":246,"column":13}},"type":"if","locations":[{"start":{"line":244,"column":19},"end":{"line":246,"column":13}},{"start":{"line":244,"column":19},"end":{"line":246,"column":13}}],"line":244},"38":{"loc":{"start":{"line":256,"column":12},"end":{"line":261,"column":13}},"type":"if","locations":[{"start":{"line":256,"column":12},"end":{"line":261,"column":13}},{"start":{"line":256,"column":12},"end":{"line":261,"column":13}}],"line":256},"39":{"loc":{"start":{"line":259,"column":19},"end":{"line":261,"column":13}},"type":"if","locations":[{"start":{"line":259,"column":19},"end":{"line":261,"column":13}},{"start":{"line":259,"column":19},"end":{"line":261,"column":13}}],"line":259},"40":{"loc":{"start":{"line":272,"column":17},"end":{"line":272,"column":53}},"type":"cond-expr","locations":[{"start":{"line":272,"column":34},"end":{"line":272,"column":48}},{"start":{"line":272,"column":51},"end":{"line":272,"column":53}}],"line":272},"41":{"loc":{"start":{"line":273,"column":24},"end":{"line":273,"column":74}},"type":"cond-expr","locations":[{"start":{"line":273,"column":48},"end":{"line":273,"column":69}},{"start":{"line":273,"column":72},"end":{"line":273,"column":74}}],"line":273},"42":{"loc":{"start":{"line":274,"column":17},"end":{"line":274,"column":53}},"type":"cond-expr","locations":[{"start":{"line":274,"column":34},"end":{"line":274,"column":48}},{"start":{"line":274,"column":51},"end":{"line":274,"column":53}}],"line":274},"43":{"loc":{"start":{"line":275,"column":22},"end":{"line":275,"column":67}},"type":"cond-expr","locations":[{"start":{"line":275,"column":44},"end":{"line":275,"column":63}},{"start":{"line":275,"column":66},"end":{"line":275,"column":67}}],"line":275},"44":{"loc":{"start":{"line":276,"column":23},"end":{"line":276,"column":72}},"type":"cond-expr","locations":[{"start":{"line":276,"column":46},"end":{"line":276,"column":66}},{"start":{"line":276,"column":69},"end":{"line":276,"column":72}}],"line":276},"45":{"loc":{"start":{"line":277,"column":25},"end":{"line":277,"column":74}},"type":"cond-expr","locations":[{"start":{"line":277,"column":49},"end":{"line":277,"column":71}},{"start":{"line":277,"column":73},"end":{"line":277,"column":74}}],"line":277},"46":{"loc":{"start":{"line":278,"column":26},"end":{"line":278,"column":79}},"type":"cond-expr","locations":[{"start":{"line":278,"column":51},"end":{"line":278,"column":74}},{"start":{"line":278,"column":76},"end":{"line":278,"column":79}}],"line":278},"47":{"loc":{"start":{"line":279,"column":17},"end":{"line":279,"column":55}},"type":"cond-expr","locations":[{"start":{"line":279,"column":34},"end":{"line":279,"column":48}},{"start":{"line":279,"column":51},"end":{"line":279,"column":55}}],"line":279},"48":{"loc":{"start":{"line":280,"column":21},"end":{"line":280,"column":65}},"type":"cond-expr","locations":[{"start":{"line":280,"column":42},"end":{"line":280,"column":60}},{"start":{"line":280,"column":63},"end":{"line":280,"column":65}}],"line":280},"49":{"loc":{"start":{"line":282,"column":4},"end":{"line":314,"column":5}},"type":"if","locations":[{"start":{"line":282,"column":4},"end":{"line":314,"column":5}},{"start":{"line":282,"column":4},"end":{"line":314,"column":5}}],"line":282},"50":{"loc":{"start":{"line":282,"column":8},"end":{"line":282,"column":48}},"type":"binary-expr","locations":[{"start":{"line":282,"column":8},"end":{"line":282,"column":22}},{"start":{"line":282,"column":26},"end":{"line":282,"column":48}}],"line":282},"51":{"loc":{"start":{"line":291,"column":12},"end":{"line":296,"column":13}},"type":"if","locations":[{"start":{"line":291,"column":12},"end":{"line":296,"column":13}},{"start":{"line":291,"column":12},"end":{"line":296,"column":13}}],"line":291},"52":{"loc":{"start":{"line":294,"column":19},"end":{"line":296,"column":13}},"type":"if","locations":[{"start":{"line":294,"column":19},"end":{"line":296,"column":13}},{"start":{"line":294,"column":19},"end":{"line":296,"column":13}}],"line":294},"53":{"loc":{"start":{"line":307,"column":12},"end":{"line":312,"column":13}},"type":"if","locations":[{"start":{"line":307,"column":12},"end":{"line":312,"column":13}},{"start":{"line":307,"column":12},"end":{"line":312,"column":13}}],"line":307},"54":{"loc":{"start":{"line":310,"column":19},"end":{"line":312,"column":13}},"type":"if","locations":[{"start":{"line":310,"column":19},"end":{"line":312,"column":13}},{"start":{"line":310,"column":19},"end":{"line":312,"column":13}}],"line":310}},"s":{"0":1,"1":1,"2":1,"3":1,"4":1,"5":2,"6":1,"7":1,"8":21,"9":21,"10":21,"11":21,"12":10,"13":11,"14":10,"15":10,"16":1,"17":2,"18":2,"19":2,"20":2,"21":1,"22":1,"23":0,"24":0,"25":1,"26":1,"27":1,"28":1,"29":0,"30":0,"31":1,"32":1,"33":1,"34":1,"35":1,"36":0,"37":0,"38":0,"39":0,"40":0,"41":0,"42":1,"43":1,"44":0,"45":0,"46":1,"47":1,"48":2,"49":2,"50":2,"51":0,"52":0,"53":2,"54":2,"55":2,"56":2,"57":2,"58":0,"59":0,"60":2,"61":2,"62":1,"63":1,"64":1,"65":0,"66":0,"67":1,"68":1,"69":1,"70":1,"71":0,"72":0,"73":1,"74":1,"75":2,"76":2,"77":2,"78":2,"79":2,"80":1,"81":1,"82":0,"83":0,"84":1,"85":1,"86":1,"87":1,"88":0,"89":0,"90":1,"91":1,"92":1,"93":1,"94":1,"95":1,"96":1,"97":1,"98":1,"99":1,"100":1,"101":1,"102":0,"103":0,"104":0,"105":0,"106":0,"107":0,"108":1,"109":1,"110":0,"111":0,"112":1,"113":1,"114":1},"f":{"0":2,"1":21,"2":2,"3":1,"4":1,"5":1,"6":0,"7":1,"8":2,"9":2,"10":2,"11":2,"12":1,"13":1,"14":2,"15":1,"16":1,"17":1,"18":0,"19":1},"b":{"0":[1,1],"1":[10,11],"2":[10,11],"3":[10,1],"4":[2,0],"5":[1,1],"6":[1,1],"7":[1,1],"8":[2,1],"9":[0,1],"10":[1,0],"11":[0,1],"12":[1,0],"13":[0,1],"14":[0,1],"15":[0,1],"16":[1,0],"17":[0,0],"18":[0,0],"19":[0,1],"20":[1,0],"21":[0,2],"22":[2,0],"23":[0,2],"24":[2,0],"25":[1,1],"26":[0,1],"27":[1,0],"28":[0,1],"29":[1,0],"30":[2,0],"31":[1,1],"32":[1,1],"33":[1,1],"34":[1,1],"35":[2,1],"36":[0,1],"37":[1,0],"38":[0,1],"39":[1,0],"40":[1,0],"41":[1,0],"42":[1,0],"43":[0,1],"44":[0,1],"45":[0,1],"46":[0,1],"47":[0,1],"48":[0,1],"49":[0,1],"50":[1,0],"51":[0,0],"52":[0,0],"53":[0,1],"54":[1,0]},"_coverageSchema":"1a1c01bbd47fc00a2c39e90264f33305004495a9","hash":"16699769cb6b8b3a781bb494b61e11708f8d4696"}
,"/Users/bozou/Google Drive/mcit/2021_fall/CIS550/week03/hw3/MS1 - Student/server/server.js": {"path":"/Users/bozou/Google Drive/mcit/2021_fall/CIS550/week03/hw3/MS1 - Student/server/server.js","statementMap":{"0":{"start":{"line":1,"column":16},"end":{"line":1,"column":34}},"1":{"start":{"line":2,"column":19},"end":{"line":2,"column":35}},"2":{"start":{"line":5,"column":15},"end":{"line":5,"column":34}},"3":{"start":{"line":6,"column":15},"end":{"line":6,"column":39}},"4":{"start":{"line":8,"column":12},"end":{"line":8,"column":21}},"5":{"start":{"line":11,"column":0},"end":{"line":11,"column":31}},"6":{"start":{"line":14,"column":0},"end":{"line":14,"column":41}},"7":{"start":{"line":17,"column":0},"end":{"line":17,"column":47}},"8":{"start":{"line":20,"column":0},"end":{"line":20,"column":39}},"9":{"start":{"line":23,"column":0},"end":{"line":23,"column":31}},"10":{"start":{"line":26,"column":0},"end":{"line":26,"column":33}},"11":{"start":{"line":29,"column":0},"end":{"line":29,"column":49}},"12":{"start":{"line":32,"column":0},"end":{"line":32,"column":49}},"13":{"start":{"line":38,"column":0},"end":{"line":40,"column":3}},"14":{"start":{"line":39,"column":4},"end":{"line":39,"column":89}},"15":{"start":{"line":42,"column":0},"end":{"line":42,"column":21}}},"fnMap":{"0":{"name":"(anonymous_0)","decl":{"start":{"line":38,"column":31},"end":{"line":38,"column":32}},"loc":{"start":{"line":38,"column":37},"end":{"line":40,"column":1}},"line":38}},"branchMap":{},"s":{"0":1,"1":1,"2":1,"3":1,"4":1,"5":1,"6":1,"7":1,"8":1,"9":1,"10":1,"11":1,"12":1,"13":1,"14":1,"15":1},"f":{"0":1},"b":{},"_coverageSchema":"1a1c01bbd47fc00a2c39e90264f33305004495a9","hash":"060ca13e9133b21202bed9978ab92e29e91b97ab"}
}
