TN:
SF:routes.js
FN:21,hello
FN:36,jersey
FN:60,all_matches
FN:77,(anonymous_3)
FN:93,(anonymous_4)
FN:106,all_players
FN:115,(anonymous_6)
FN:131,(anonymous_7)
FN:149,match
FN:156,(anonymous_9)
FN:171,player
FN:175,(anonymous_11)
FN:187,(anonymous_12)
FN:203,(anonymous_13)
FN:224,search_matches
FN:239,(anonymous_15)
FN:254,(anonymous_16)
FN:269,search_players
FN:289,(anonymous_18)
FN:305,(anonymous_19)
FNF:20
FNH:18
FNDA:2,hello
FNDA:21,jersey
FNDA:2,all_matches
FNDA:1,(anonymous_3)
FNDA:1,(anonymous_4)
FNDA:1,all_players
FNDA:0,(anonymous_6)
FNDA:1,(anonymous_7)
FNDA:2,match
FNDA:2,(anonymous_9)
FNDA:2,player
FNDA:2,(anonymous_11)
FNDA:1,(anonymous_12)
FNDA:1,(anonymous_13)
FNDA:2,search_matches
FNDA:1,(anonymous_15)
FNDA:1,(anonymous_16)
FNDA:1,search_players
FNDA:0,(anonymous_18)
FNDA:1,(anonymous_19)
DA:1,1
DA:2,1
DA:3,1
DA:6,1
DA:13,1
DA:23,2
DA:24,1
DA:26,1
DA:37,21
DA:38,21
DA:39,21
DA:41,21
DA:43,10
DA:44,11
DA:45,10
DA:47,10
DA:50,1
DA:65,2
DA:67,2
DA:68,2
DA:69,2
DA:73,1
DA:79,1
DA:80,0
DA:81,0
DA:82,1
DA:83,1
DA:90,1
DA:95,1
DA:96,0
DA:97,0
DA:98,1
DA:99,1
DA:108,1
DA:109,1
DA:110,1
DA:112,0
DA:117,0
DA:118,0
DA:119,0
DA:120,0
DA:121,0
DA:128,1
DA:133,1
DA:134,0
DA:135,0
DA:136,1
DA:137,1
DA:150,2
DA:151,2
DA:157,2
DA:158,0
DA:159,0
DA:160,2
DA:161,2
DA:173,2
DA:174,2
DA:176,2
DA:177,0
DA:178,0
DA:179,2
DA:180,2
DA:181,1
DA:182,1
DA:188,1
DA:189,0
DA:190,0
DA:191,1
DA:192,1
DA:198,1
DA:204,1
DA:205,0
DA:206,0
DA:207,1
DA:208,1
DA:228,2
DA:229,2
DA:230,2
DA:231,2
DA:233,2
DA:235,1
DA:241,1
DA:242,0
DA:243,0
DA:244,1
DA:245,1
DA:250,1
DA:256,1
DA:257,0
DA:258,0
DA:259,1
DA:260,1
DA:272,1
DA:273,1
DA:274,1
DA:275,1
DA:276,1
DA:277,1
DA:278,1
DA:279,1
DA:280,1
DA:282,1
DA:284,0
DA:291,0
DA:292,0
DA:293,0
DA:294,0
DA:295,0
DA:300,1
DA:307,1
DA:308,0
DA:309,0
DA:310,1
DA:311,1
DA:318,1
LF:115
LH:83
BRDA:23,0,0,1
BRDA:23,0,1,1
BRDA:39,1,0,10
BRDA:39,1,1,11
BRDA:41,2,0,10
BRDA:41,2,1,11
BRDA:44,3,0,10
BRDA:44,3,1,1
BRDA:65,4,0,2
BRDA:65,4,1,0
BRDA:67,5,0,1
BRDA:67,5,1,1
BRDA:68,6,0,1
BRDA:68,6,1,1
BRDA:69,7,0,1
BRDA:69,7,1,1
BRDA:69,8,0,2
BRDA:69,8,1,1
BRDA:79,9,0,0
BRDA:79,9,1,1
BRDA:82,10,0,1
BRDA:82,10,1,0
BRDA:95,11,0,0
BRDA:95,11,1,1
BRDA:98,12,0,1
BRDA:98,12,1,0
BRDA:108,13,0,0
BRDA:108,13,1,1
BRDA:109,14,0,0
BRDA:109,14,1,1
BRDA:110,15,0,0
BRDA:110,15,1,1
BRDA:110,16,0,1
BRDA:110,16,1,0
BRDA:117,17,0,0
BRDA:117,17,1,0
BRDA:120,18,0,0
BRDA:120,18,1,0
BRDA:133,19,0,0
BRDA:133,19,1,1
BRDA:136,20,0,1
BRDA:136,20,1,0
BRDA:157,21,0,0
BRDA:157,21,1,2
BRDA:160,22,0,2
BRDA:160,22,1,0
BRDA:176,23,0,0
BRDA:176,23,1,2
BRDA:179,24,0,2
BRDA:179,24,1,0
BRDA:180,25,0,1
BRDA:180,25,1,1
BRDA:188,26,0,0
BRDA:188,26,1,1
BRDA:191,27,0,1
BRDA:191,27,1,0
BRDA:204,28,0,0
BRDA:204,28,1,1
BRDA:207,29,0,1
BRDA:207,29,1,0
BRDA:228,30,0,2
BRDA:228,30,1,0
BRDA:229,31,0,1
BRDA:229,31,1,1
BRDA:230,32,0,1
BRDA:230,32,1,1
BRDA:231,33,0,1
BRDA:231,33,1,1
BRDA:233,34,0,1
BRDA:233,34,1,1
BRDA:233,35,0,2
BRDA:233,35,1,1
BRDA:241,36,0,0
BRDA:241,36,1,1
BRDA:244,37,0,1
BRDA:244,37,1,0
BRDA:256,38,0,0
BRDA:256,38,1,1
BRDA:259,39,0,1
BRDA:259,39,1,0
BRDA:272,40,0,1
BRDA:272,40,1,0
BRDA:273,41,0,1
BRDA:273,41,1,0
BRDA:274,42,0,1
BRDA:274,42,1,0
BRDA:275,43,0,0
BRDA:275,43,1,1
BRDA:276,44,0,0
BRDA:276,44,1,1
BRDA:277,45,0,0
BRDA:277,45,1,1
BRDA:278,46,0,0
BRDA:278,46,1,1
BRDA:279,47,0,0
BRDA:279,47,1,1
BRDA:280,48,0,0
BRDA:280,48,1,1
BRDA:282,49,0,0
BRDA:282,49,1,1
BRDA:282,50,0,1
BRDA:282,50,1,0
BRDA:291,51,0,0
BRDA:291,51,1,0
BRDA:294,52,0,0
BRDA:294,52,1,0
BRDA:307,53,0,0
BRDA:307,53,1,1
BRDA:310,54,0,1
BRDA:310,54,1,0
BRF:110
BRH:65
end_of_record
TN:
SF:server.js
FN:38,(anonymous_0)
FNF:1
FNH:1
FNDA:1,(anonymous_0)
DA:1,1
DA:2,1
DA:5,1
DA:6,1
DA:8,1
DA:11,1
DA:14,1
DA:17,1
DA:20,1
DA:23,1
DA:26,1
DA:29,1
DA:32,1
DA:38,1
DA:39,1
DA:42,1
LF:16
LH:16
BRF:0
BRH:0
end_of_record
